<?xml version="1.0" encoding="UTF-8"?>
<testng-results skipped="0" failed="0" total="1" passed="1">
  <reporter-output>
  </reporter-output>
  <suite name="Default suite" duration-ms="11948" started-at="2017-02-03T12:30:59Z" finished-at="2017-02-03T12:31:11Z">
    <groups>
    </groups>
    <test name="Default test" duration-ms="11948" started-at="2017-02-03T12:30:59Z" finished-at="2017-02-03T12:31:11Z">
      <class name="Loginpage">
        <test-method status="PASS" signature="login()[pri:0, instance:Loginpage@2a2d45ba]" name="login" duration-ms="11930" started-at="2017-02-03T18:00:59Z" finished-at="2017-02-03T18:01:11Z">
          <reporter-output>
          </reporter-output>
        </test-method> <!-- login -->
      </class> <!-- Loginpage -->
    </test> <!-- Default test -->
  </suite> <!-- Default suite -->
</testng-results>
